<?xml version="1.0" encoding="UTF-8"?>
<!-- Generated by org.testng.reporters.JUnitReportReporter -->
<testsuite skipped="0" hostname="NTINDSK1301001" name="appScenarios.DataProviderDemoTest" tests="2" failures="0" timestamp="24 May 2018 07:38:06 GMT" time="18.125" errors="0">
  <testcase name="testSupersportLogin" time="9.416" classname="appScenarios.DataProviderDemoTest"/>
  <testcase name="testSupersportLogin" time="8.709" classname="appScenarios.DataProviderDemoTest"/>
</testsuite> <!-- appScenarios.DataProviderDemoTest -->
