<?xml version="1.0" encoding="UTF-8"?>
<!-- Generated by org.testng.reporters.JUnitReportReporter -->
<testsuite skipped="0" hostname="NTINDSK1301001" name="appScenarios.FlipkartAppTest" tests="2" failures="0" timestamp="23 May 2018 12:02:38 GMT" time="18.195" errors="0">
  <testcase name="testSupersportLogin" time="8.830" classname="appScenarios.FlipkartAppTest"/>
  <testcase name="testSupersportLogin" time="9.365" classname="appScenarios.FlipkartAppTest"/>
</testsuite> <!-- appScenarios.FlipkartAppTest -->
